This is pdfTeX, Version 3.14159265-2.6-1.40.20 (TeX Live 2019/Debian) (preloaded format=pdflatex 2022.3.27)  29 MAR 2022 19:31
entering extended mode
 restricted \write18 enabled.
 %&-line parsing enabled.
**Practica1ALG.tex
(./Practica1ALG.tex
LaTeX2e <2020-02-02> patch level 2
L3 programming layer <2020-02-14>
(/usr/share/texlive/texmf-dist/tex/latex/base/article.cls
Document Class: article 2019/12/20 v1.4l Standard LaTeX document class
(/usr/share/texlive/texmf-dist/tex/latex/base/size10.clo
File: size10.clo 2019/12/20 v1.4l Standard LaTeX file (size option)
)
\c@part=\count167
\c@section=\count168
\c@subsection=\count169
\c@subsubsection=\count170
\c@paragraph=\count171
\c@subparagraph=\count172
\c@figure=\count173
\c@table=\count174
\abovecaptionskip=\skip47
\belowcaptionskip=\skip48
\bibindent=\dimen134
)
(/usr/share/texlive/texmf-dist/tex/latex/base/inputenc.sty
Package: inputenc 2018/08/11 v1.3c Input encoding file
\inpenc@prehook=\toks14
\inpenc@posthook=\toks15
)
(/usr/share/texlive/texmf-dist/tex/generic/babel/babel.sty
Package: babel 2020/02/14 3.40 The Babel package

(/usr/share/texlive/texmf-dist/tex/generic/babel/switch.def
File: switch.def 2020/02/14 3.40 Babel switching mechanism
)
(/usr/share/texlive/texmf-dist/tex/generic/babel-spanish/spanish.ldf
Language: spanish.ldf 2016/03/03 v5.0p Spanish support from the babel system

(/usr/share/texlive/texmf-dist/tex/generic/babel/babel.def
File: babel.def 2020/02/14 3.40 Babel common definitions
\babel@savecnt=\count175
\U@D=\dimen135

(/usr/share/texlive/texmf-dist/tex/generic/babel/txtbabel.def)
\bbl@readstream=\read2
\bbl@dirlevel=\count176
)
\es@quottoks=\toks16
\es@quotdepth=\count177
Package babel Info: Making " an active character on input line 561.
Package babel Info: Making . an active character on input line 662.
Package babel Info: Making < an active character on input line 707.
Package babel Info: Making > an active character on input line 707.
))
(/usr/share/texlive/texmf-dist/tex/latex/amsmath/amsmath.sty
Package: amsmath 2020/01/20 v2.17e AMS math features
\@mathmargin=\skip49

For additional information on amsmath, use the `?' option.
(/usr/share/texlive/texmf-dist/tex/latex/amsmath/amstext.sty
Package: amstext 2000/06/29 v2.01 AMS text

(/usr/share/texlive/texmf-dist/tex/latex/amsmath/amsgen.sty
File: amsgen.sty 1999/11/30 v2.0 generic functions
\@emptytoks=\toks17
\ex@=\dimen136
))
(/usr/share/texlive/texmf-dist/tex/latex/amsmath/amsbsy.sty
Package: amsbsy 1999/11/29 v1.2d Bold Symbols
\pmbraise@=\dimen137
)
(/usr/share/texlive/texmf-dist/tex/latex/amsmath/amsopn.sty
Package: amsopn 2016/03/08 v2.02 operator names
)
\inf@bad=\count178
LaTeX Info: Redefining \frac on input line 227.
\uproot@=\count179
\leftroot@=\count180
LaTeX Info: Redefining \overline on input line 389.
\classnum@=\count181
\DOTSCASE@=\count182
LaTeX Info: Redefining \ldots on input line 486.
LaTeX Info: Redefining \dots on input line 489.
LaTeX Info: Redefining \cdots on input line 610.
\Mathstrutbox@=\box45
\strutbox@=\box46
\big@size=\dimen138
LaTeX Font Info:    Redeclaring font encoding OML on input line 733.
LaTeX Font Info:    Redeclaring font encoding OMS on input line 734.
\macc@depth=\count183
\c@MaxMatrixCols=\count184
\dotsspace@=\muskip16
\c@parentequation=\count185
\dspbrk@lvl=\count186
\tag@help=\toks18
\row@=\count187
\column@=\count188
\maxfields@=\count189
\andhelp@=\toks19
\eqnshift@=\dimen139
\alignsep@=\dimen140
\tagshift@=\dimen141
\tagwidth@=\dimen142
\totwidth@=\dimen143
\lineht@=\dimen144
\@envbody=\toks20
\multlinegap=\skip50
\multlinetaggap=\skip51
\mathdisplay@stack=\toks21
LaTeX Info: Redefining \[ on input line 2859.
LaTeX Info: Redefining \] on input line 2860.
)
(/usr/share/texlive/texmf-dist/tex/latex/amsfonts/amsfonts.sty
Package: amsfonts 2013/01/14 v3.01 Basic AMSFonts support
\symAMSa=\mathgroup4
\symAMSb=\mathgroup5
LaTeX Font Info:    Redeclaring math symbol \hbar on input line 98.
LaTeX Font Info:    Overwriting math alphabet `\mathfrak' in version `bold'
(Font)                  U/euf/m/n --> U/euf/b/n on input line 106.
)
(/usr/share/texlive/texmf-dist/tex/latex/amsfonts/amssymb.sty
Package: amssymb 2013/01/14 v3.01 AMS font symbols
)
(/usr/share/texlive/texmf-dist/tex/latex/graphics/graphics.sty
Package: graphics 2019/11/30 v1.4a Standard LaTeX Graphics (DPC,SPQR)

(/usr/share/texlive/texmf-dist/tex/latex/graphics/trig.sty
Package: trig 2016/01/03 v1.10 sin cos tan (DPC)
)
(/usr/share/texlive/texmf-dist/tex/latex/graphics-cfg/graphics.cfg
File: graphics.cfg 2016/06/04 v1.11 sample graphics configuration
)
Package graphics Info: Driver file: pdftex.def on input line 105.

(/usr/share/texlive/texmf-dist/tex/latex/graphics-def/pdftex.def
File: pdftex.def 2018/01/08 v1.0l Graphics/color driver for pdftex
))
(/usr/share/texlive/texmf-dist/tex/latex/graphics/graphicx.sty
Package: graphicx 2019/11/30 v1.2a Enhanced LaTeX Graphics (DPC,SPQR)

(/usr/share/texlive/texmf-dist/tex/latex/graphics/keyval.sty
Package: keyval 2014/10/28 v1.15 key=value parser (DPC)
\KV@toks@=\toks22
)
\Gin@req@height=\dimen145
\Gin@req@width=\dimen146
)
(/usr/share/texlive/texmf-dist/tex/latex/xcolor/xcolor.sty
Package: xcolor 2016/05/11 v2.12 LaTeX color extensions (UK)

(/usr/share/texlive/texmf-dist/tex/latex/graphics-cfg/color.cfg
File: color.cfg 2016/01/02 v1.6 sample color configuration
)
Package xcolor Info: Driver file: pdftex.def on input line 225.
Package xcolor Info: Model `cmy' substituted by `cmy0' on input line 1348.
Package xcolor Info: Model `hsb' substituted by `rgb' on input line 1352.
Package xcolor Info: Model `RGB' extended on input line 1364.
Package xcolor Info: Model `HTML' substituted by `rgb' on input line 1366.
Package xcolor Info: Model `Hsb' substituted by `hsb' on input line 1367.
Package xcolor Info: Model `tHsb' substituted by `hsb' on input line 1368.
Package xcolor Info: Model `HSB' substituted by `hsb' on input line 1369.
Package xcolor Info: Model `Gray' substituted by `gray' on input line 1370.
Package xcolor Info: Model `wave' substituted by `hsb' on input line 1371.
)
(/usr/share/texlive/texmf-dist/tex/latex/listings/listings.sty
\lst@mode=\count190
\lst@gtempboxa=\box47
\lst@token=\toks23
\lst@length=\count191
\lst@currlwidth=\dimen147
\lst@column=\count192
\lst@pos=\count193
\lst@lostspace=\dimen148
\lst@width=\dimen149
\lst@newlines=\count194
\lst@lineno=\count195
\lst@maxwidth=\dimen150

(/usr/share/texlive/texmf-dist/tex/latex/listings/lstmisc.sty
File: lstmisc.sty 2019/09/10 1.8c (Carsten Heinz)
\c@lstnumber=\count196
\lst@skipnumbers=\count197
\lst@framebox=\box48
)
(/usr/share/texlive/texmf-dist/tex/latex/listings/listings.cfg
File: listings.cfg 2019/09/10 1.8c listings configuration
))
Package: listings 2019/09/10 1.8c (Carsten Heinz)

(/usr/share/texlive/texmf-dist/tex/latex/csvsimple/csvsimple.sty
Package: csvsimple 2019/04/09 version 1.21 LaTeX CSV file processing

(/usr/share/texlive/texmf-dist/tex/latex/pgf/utilities/pgfrcs.sty
(/usr/share/texlive/texmf-dist/tex/generic/pgf/utilities/pgfutil-common.tex
\pgfutil@everybye=\toks24
\pgfutil@tempdima=\dimen151
\pgfutil@tempdimb=\dimen152

(/usr/share/texlive/texmf-dist/tex/generic/pgf/utilities/pgfutil-common-lists.t
ex)) (/usr/share/texlive/texmf-dist/tex/generic/pgf/utilities/pgfutil-latex.def
\pgfutil@abb=\box49
(/usr/share/texlive/texmf-dist/tex/latex/ms/everyshi.sty
Package: everyshi 2001/05/15 v3.00 EveryShipout Package (MS)
))
(/usr/share/texlive/texmf-dist/tex/generic/pgf/utilities/pgfrcs.code.tex
(/usr/share/texlive/texmf-dist/tex/generic/pgf/pgf.revision.tex)
Package: pgfrcs 2020/01/08 v3.1.5b (3.1.5b)
))
(/usr/share/texlive/texmf-dist/tex/latex/pgf/utilities/pgfkeys.sty
(/usr/share/texlive/texmf-dist/tex/generic/pgf/utilities/pgfkeys.code.tex
\pgfkeys@pathtoks=\toks25
\pgfkeys@temptoks=\toks26

(/usr/share/texlive/texmf-dist/tex/generic/pgf/utilities/pgfkeysfiltered.code.t
ex
\pgfkeys@tmptoks=\toks27
))) (/usr/share/texlive/texmf-dist/tex/latex/base/ifthen.sty
Package: ifthen 2014/09/29 v1.1c Standard LaTeX ifthen package (DPC)
)
(/usr/share/texlive/texmf-dist/tex/latex/etoolbox/etoolbox.sty
Package: etoolbox 2019/09/21 v2.5h e-TeX tools for LaTeX (JAW)
\etb@tempcnta=\count198
)
(/usr/share/texlive/texmf-dist/tex/latex/tools/shellesc.sty
Package: shellesc 2019/11/08 v1.0c unified shell escape interface for LaTeX
Package shellesc Info: Restricted shell escape enabled on input line 77.
)
\csv@file=\read3
\c@csvinputline=\count199
\c@csvrow=\count266
\c@csvcol=\count267
\csv@out=\write3
)
(/usr/share/texlive/texmf-dist/tex/latex/caption/caption.sty
Package: caption 2020/01/03 v3.4h Customizing captions (AR)

(/usr/share/texlive/texmf-dist/tex/latex/caption/caption3.sty
Package: caption3 2020/01/03 v1.8h caption3 kernel (AR)
Package caption3 Info: TeX engine: e-TeX on input line 61.
\captionmargin=\dimen153
\captionmargin@=\dimen154
\captionwidth=\dimen155
\caption@tempdima=\dimen156
\caption@indent=\dimen157
\caption@parindent=\dimen158
\caption@hangindent=\dimen159
Package caption Info: Standard document class detected.
)
\c@caption@flags=\count268
\c@continuedfloat=\count269
Package caption Info: listings package is loaded.
)
(/usr/share/texlive/texmf-dist/tex/latex/caption/subcaption.sty
Package: subcaption 2020/01/22 v1.3d Sub-captions (AR)
\c@subfigure=\count270
\c@subtable=\count271
)
(/usr/share/texlive/texmf-dist/tex/latex/geometry/geometry.sty
Package: geometry 2020/01/02 v5.9 Page Geometry

(/usr/share/texlive/texmf-dist/tex/generic/iftex/ifvtex.sty
Package: ifvtex 2019/10/25 v1.7 ifvtex legacy package. Use iftex instead.

(/usr/share/texlive/texmf-dist/tex/generic/iftex/iftex.sty
Package: iftex 2019/11/07 v1.0c TeX engine tests
))
\Gm@cnth=\count272
\Gm@cntv=\count273
\c@Gm@tempcnt=\count274
\Gm@bindingoffset=\dimen160
\Gm@wd@mp=\dimen161
\Gm@odd@mp=\dimen162
\Gm@even@mp=\dimen163
\Gm@layoutwidth=\dimen164
\Gm@layoutheight=\dimen165
\Gm@layouthoffset=\dimen166
\Gm@layoutvoffset=\dimen167
\Gm@dimlist=\toks28
)
(/usr/share/texlive/texmf-dist/tex/latex/l3backend/l3backend-pdfmode.def
File: l3backend-pdfmode.def 2020-02-03 L3 backend support: PDF mode
\l__kernel_color_stack_int=\count275
\l__pdf_internal_box=\box50
)
(./Practica1ALG.aux
LaTeX Info: Redefining \. on input line 7.
LaTeX Info: Redefining \% on input line 7.
)
\openout1 = `Practica1ALG.aux'.

LaTeX Font Info:    Checking defaults for OML/cmm/m/it on input line 18.
LaTeX Font Info:    ... okay on input line 18.
LaTeX Font Info:    Checking defaults for OMS/cmsy/m/n on input line 18.
LaTeX Font Info:    ... okay on input line 18.
LaTeX Font Info:    Checking defaults for OT1/cmr/m/n on input line 18.
LaTeX Font Info:    ... okay on input line 18.
LaTeX Font Info:    Checking defaults for T1/cmr/m/n on input line 18.
LaTeX Font Info:    ... okay on input line 18.
LaTeX Font Info:    Checking defaults for TS1/cmr/m/n on input line 18.
LaTeX Font Info:    ... okay on input line 18.
LaTeX Font Info:    Checking defaults for OMX/cmex/m/n on input line 18.
LaTeX Font Info:    ... okay on input line 18.
LaTeX Font Info:    Checking defaults for U/cmr/m/n on input line 18.
LaTeX Font Info:    ... okay on input line 18.
LaTeX Info: Redefining \. on input line 18.
LaTeX Info: Redefining \% on input line 18.

(/usr/share/texlive/texmf-dist/tex/context/base/mkii/supp-pdf.mkii
[Loading MPS to PDF converter (version 2006.09.02).]
\scratchcounter=\count276
\scratchdimen=\dimen168
\scratchbox=\box51
\nofMPsegments=\count277
\nofMParguments=\count278
\everyMPshowfont=\toks29
\MPscratchCnt=\count279
\MPscratchDim=\dimen169
\MPnumerator=\count280
\makeMPintoPDFobject=\count281
\everyMPtoPDFconversion=\toks30
) (/usr/share/texlive/texmf-dist/tex/latex/epstopdf-pkg/epstopdf-base.sty
Package: epstopdf-base 2020-01-24 v2.11 Base part for package epstopdf
Package epstopdf-base Info: Redefining graphics rule for `.eps' on input line 4
85.

(/usr/share/texlive/texmf-dist/tex/latex/latexconfig/epstopdf-sys.cfg
File: epstopdf-sys.cfg 2010/07/13 v1.3 Configuration of (r)epstopdf for TeX Liv
e
))
\c@lstlisting=\count282

ABD: EveryShipout initializing macros
Package caption Info: Begin \AtBeginDocument code.
Package caption Info: End \AtBeginDocument code.

*geometry* driver: auto-detecting
*geometry* detected driver: pdftex
*geometry* verbose mode - [ preamble ] result:
* driver: pdftex
* paper: a4paper
* layout: <same size as paper>
* layoutoffset:(h,v)=(0.0pt,0.0pt)
* modes: 
* h-part:(L,W,R)=(56.9055pt, 483.69687pt, 56.9055pt)
* v-part:(T,H,B)=(56.9055pt, 731.23584pt, 56.9055pt)
* \paperwidth=597.50787pt
* \paperheight=845.04684pt
* \textwidth=483.69687pt
* \textheight=731.23584pt
* \oddsidemargin=-15.36449pt
* \evensidemargin=-15.36449pt
* \topmargin=-52.36449pt
* \headheight=12.0pt
* \headsep=25.0pt
* \topskip=10.0pt
* \footskip=30.0pt
* \marginparwidth=57.0pt
* \marginparsep=11.0pt
* \columnsep=10.0pt
* \skip\footins=9.0pt plus 4.0pt minus 2.0pt
* \hoffset=0.0pt
* \voffset=0.0pt
* \mag=1000
* \@twocolumnfalse
* \@twosidefalse
* \@mparswitchfalse
* \@reversemarginfalse
* (1in=72.27pt=25.4mm, 1cm=28.453pt)

<Logo_UGR.png, id=1, 506.1309pt x 421.3341pt>
File: Logo_UGR.png Graphic file (type png)
<use Logo_UGR.png>
Package pdftex.def Info: Logo_UGR.png  used on input line 28.
(pdftex.def)             Requested size: 253.06482pt x 210.66653pt.
[1

{/var/lib/texmf/fonts/map/pdftex/updmap/pdftex.map} <./Logo_UGR.png>]
<by-nc-sa.png, id=13, 2007.5pt x 702.625pt>
File: by-nc-sa.png Graphic file (type png)
<use by-nc-sa.png>
Package pdftex.def Info: by-nc-sa.png  used on input line 58.
(pdftex.def)             Requested size: 100.38087pt x 35.1333pt.

Overfull \hbox (15.0pt too wide) in paragraph at lines 58--59
[][] 
 []

[1 <./by-nc-sa.png>] (./Practica1ALG.toc
LaTeX Info: Redefining \. on input line 1.
LaTeX Info: Redefining \% on input line 1.
LaTeX Font Info:    Trying to load font information for U+msa on input line 3.

(/usr/share/texlive/texmf-dist/tex/latex/amsfonts/umsa.fd
File: umsa.fd 2013/01/14 v3.01 AMS symbols A
)
LaTeX Font Info:    Trying to load font information for U+msb on input line 3.

(/usr/share/texlive/texmf-dist/tex/latex/amsfonts/umsb.fd
File: umsb.fd 2013/01/14 v3.01 AMS symbols B
))
\tf@toc=\write4
\openout4 = `Practica1ALG.toc'.

 [2]
LaTeX Font Info:    Trying to load font information for OML+cmr on input line 9
2.

(/usr/share/texlive/texmf-dist/tex/latex/base/omlcmr.fd
File: omlcmr.fd 2019/12/16 v2.5j Standard LaTeX font definitions
)
LaTeX Font Info:    Font shape `OML/cmr/m/n' in size <8> not available
(Font)              Font shape `OML/cmm/m/it' tried instead on input line 92.

(/usr/share/texlive/texmf-dist/tex/latex/listings/lstlang1.sty
File: lstlang1.sty 2019/09/10 1.8c listings language file
)
(/usr/share/texlive/texmf-dist/tex/latex/listings/lstlang1.sty
File: lstlang1.sty 2019/09/10 1.8c listings language file
)
Underfull \hbox (badness 10000) in paragraph at lines 118--119

 []


Underfull \hbox (badness 10000) in paragraph at lines 121--122

 []

[3] (/usr/share/texlive/texmf-dist/tex/latex/listings/lstlang1.sty
File: lstlang1.sty 2019/09/10 1.8c listings language file
)
(/usr/share/texlive/texmf-dist/tex/latex/listings/lstlang1.sty
File: lstlang1.sty 2019/09/10 1.8c listings language file
)
(/usr/share/texlive/texmf-dist/tex/latex/listings/lstmisc.sty
File: lstmisc.sty 2019/09/10 1.8c (Carsten Heinz)
)
(./Codes/insercion.cpp
LaTeX Font Info:    Trying to load font information for OMS+cmr on input line 2
.
 (/usr/share/texlive/texmf-dist/tex/latex/base/omscmr.fd
File: omscmr.fd 2019/12/16 v2.5j Standard LaTeX font definitions
)
LaTeX Font Info:    Font shape `OMS/cmr/m/n' in size <8> not available
(Font)              Font shape `OMS/cmsy/m/n' tried instead on input line 2.
)

LaTeX Warning: `!h' float specifier changed to `!ht'.

<../../Images/Insercion_combinados.png, id=37, 1854.93pt x 955.57pt>
File: ../../Images/Insercion_combinados.png Graphic file (type png)
<use ../../Images/Insercion_combinados.png>
Package pdftex.def Info: ../../Images/Insercion_combinados.png  used on input l
ine 209.
(pdftex.def)             Requested size: 296.79486pt x 152.89432pt.

LaTeX Warning: `!h' float specifier changed to `!ht'.

[4] (./Codes/seleccion.cpp [5 <../../Images/Insercion_combinados.png>])
<../../Images/Seleccion_combinados.png, id=48, 1854.93pt x 955.57pt>
File: ../../Images/Seleccion_combinados.png Graphic file (type png)
<use ../../Images/Seleccion_combinados.png>
Package pdftex.def Info: ../../Images/Seleccion_combinados.png  used on input l
ine 293.
(pdftex.def)             Requested size: 278.2275pt x 143.32932pt.


LaTeX Warning: `!h' float specifier changed to `!ht'.

[6] (./Codes/quicksort.cpp) [7 <../../Images/Seleccion_combinados.png>]
Underfull \hbox (badness 10000) in paragraph at lines 378--379

 []

<../../Images/Quicksort_combinados.png, id=57, 642.4pt x 385.44pt>
File: ../../Images/Quicksort_combinados.png Graphic file (type png)
<use ../../Images/Quicksort_combinados.png>
Package pdftex.def Info: ../../Images/Quicksort_combinados.png  used on input l
ine 382.
(pdftex.def)             Requested size: 192.72148pt x 115.63289pt.
[8 <../../Images/Quicksort_combinados.png>] (./Codes/heapsort.cpp)

LaTeX Warning: `!h' float specifier changed to `!ht'.


Underfull \hbox (badness 10000) in paragraph at lines 458--459

 []

[9]
<../../Images/Heapsort_combinados.png, id=66, 1854.93pt x 955.57pt>
File: ../../Images/Heapsort_combinados.png Graphic file (type png)
<use ../../Images/Heapsort_combinados.png>
Package pdftex.def Info: ../../Images/Heapsort_combinados.png  used on input li
ne 462.
(pdftex.def)             Requested size: 278.2275pt x 143.32932pt.
 [10 <../../Images/Heapsort_combinados.png>]
<../../Images/Grafica_comparativa_algoritmos_ordenacion_Javi5454.png, id=70, 64
2.4pt x 385.44pt>
File: ../../Images/Grafica_comparativa_algoritmos_ordenacion_Javi5454.png Graph
ic file (type png)
<use ../../Images/Grafica_comparativa_algoritmos_ordenacion_Javi5454.png>
Package pdftex.def Info: ../../Images/Grafica_comparativa_algoritmos_ordenacion
_Javi5454.png  used on input line 510.
(pdftex.def)             Requested size: 256.95544pt x 154.17326pt.

Overfull \hbox (15.10701pt too wide) in paragraph at lines 510--511
 [][] 
 []

<../../Images/Grafica_comparativa_algoritmos_ordenacion_Javi5454_(HyQ).png, id=
71, 642.4pt x 385.44pt>
File: ../../Images/Grafica_comparativa_algoritmos_ordenacion_Javi5454_(HyQ).png
 Graphic file (type png)
<use ../../Images/Grafica_comparativa_algoritmos_ordenacion_Javi5454_(HyQ).png>

Package pdftex.def Info: ../../Images/Grafica_comparativa_algoritmos_ordenacion
_Javi5454_(HyQ).png  used on input line 516.
(pdftex.def)             Requested size: 256.95544pt x 154.17326pt.

Overfull \hbox (15.10701pt too wide) in paragraph at lines 516--517
 [][] 
 []


Overfull \hbox (2.22221pt too wide) in paragraph at lines 508--519
[]$[]$  $[]$ 
 []

<../../Images/Grafica_comparativa_algoritmos_de_ordenacion_Joshoccas.png, id=72
, 1854.93pt x 955.57pt>
File: ../../Images/Grafica_comparativa_algoritmos_de_ordenacion_Joshoccas.png G
raphic file (type png)
<use ../../Images/Grafica_comparativa_algoritmos_de_ordenacion_Joshoccas.png>
Package pdftex.def Info: ../../Images/Grafica_comparativa_algoritmos_de_ordenac
ion_Joshoccas.png  used on input line 524.
(pdftex.def)             Requested size: 241.14937pt x 124.22845pt.
<../../Images/Grafica_comparativa_algoritmos_ordenacion_Joshoccas_(HyQ).png, id
=73, 1854.93pt x 955.57pt>
File: ../../Images/Grafica_comparativa_algoritmos_ordenacion_Joshoccas_(HyQ).pn
g Graphic file (type png)
<use ../../Images/Grafica_comparativa_algoritmos_ordenacion_Joshoccas_(HyQ).png
>
Package pdftex.def Info: ../../Images/Grafica_comparativa_algoritmos_ordenacion
_Joshoccas_(HyQ).png  used on input line 530.
(pdftex.def)             Requested size: 241.14937pt x 124.22845pt.

Overfull \hbox (2.22221pt too wide) in paragraph at lines 522--533
[]$[]$  $[]$ 
 []

<../../Images/Grafica_comparativa_algoritmos_ordenacion_ManuelMoya.png, id=74, 
642.4pt x 385.44pt>
File: ../../Images/Grafica_comparativa_algoritmos_ordenacion_ManuelMoya.png Gra
phic file (type png)
<use ../../Images/Grafica_comparativa_algoritmos_ordenacion_ManuelMoya.png>
Package pdftex.def Info: ../../Images/Grafica_comparativa_algoritmos_ordenacion
_ManuelMoya.png  used on input line 538.
(pdftex.def)             Requested size: 224.84337pt x 134.90602pt.
<../../Images/Grafica_comparativa_algoritmos_ordenacion_ManuelMoya_(HyQ).png, i
d=75, 1854.93pt x 955.57pt>
File: ../../Images/Grafica_comparativa_algoritmos_ordenacion_ManuelMoya_(HyQ).p
ng Graphic file (type png)
<use ../../Images/Grafica_comparativa_algoritmos_ordenacion_ManuelMoya_(HyQ).pn
g>
Package pdftex.def Info: ../../Images/Grafica_comparativa_algoritmos_ordenacion
_ManuelMoya_(HyQ).png  used on input line 544.
(pdftex.def)             Requested size: 278.2275pt x 143.32932pt.

Overfull \hbox (36.37906pt too wide) in paragraph at lines 544--545
 [][] 
 []


Overfull \hbox (2.22221pt too wide) in paragraph at lines 536--547
[]$[]$  $[]$ 
 []


LaTeX Warning: `!h' float specifier changed to `!ht'.

(/usr/share/texlive/texmf-dist/tex/latex/listings/lstlang1.sty
File: lstlang1.sty 2019/09/10 1.8c listings language file
) [11 <../../Images/Grafica_comparativa_algoritmos_ordenacion_Javi5454.png> <..
/../Images/Grafica_comparativa_algoritmos_ordenacion_Javi5454_(HyQ).png> <../..
/Images/Grafica_comparativa_algoritmos_de_ordenacion_Joshoccas.png> <../../Imag
es/Grafica_comparativa_algoritmos_ordenacion_Joshoccas_(HyQ).png>] (./Codes/flo
yd.cpp)
Underfull \hbox (badness 10000) in paragraph at lines 611--612

 []

[12 <../../Images/Grafica_comparativa_algoritmos_ordenacion_ManuelMoya.png> <..
/../Images/Grafica_comparativa_algoritmos_ordenacion_ManuelMoya_(HyQ).png>]
<../../Images/floyd_combinados.png, id=84, 1854.93pt x 955.57pt>
File: ../../Images/floyd_combinados.png Graphic file (type png)
<use ../../Images/floyd_combinados.png>
Package pdftex.def Info: ../../Images/floyd_combinados.png  used on input line 
615.
(pdftex.def)             Requested size: 278.2275pt x 143.32932pt.

[13 <../../Images/floyd_combinados.png>] (./Codes/hanoi.cpp) [14]
<../../Images/hanoi_combinados.png, id=91, 1854.93pt x 955.57pt>
File: ../../Images/hanoi_combinados.png Graphic file (type png)
<use ../../Images/hanoi_combinados.png>
Package pdftex.def Info: ../../Images/hanoi_combinados.png  used on input line 
712.
(pdftex.def)             Requested size: 315.33392pt x 162.44475pt.
 [15 <../../Images/hanoi_combinados.png>]

LaTeX Warning: `!h' float specifier changed to `!ht'.

<../../Images/floyd_opt_Javi5454.png, id=95, 642.4pt x 385.44pt>
File: ../../Images/floyd_opt_Javi5454.png Graphic file (type png)
<use ../../Images/floyd_opt_Javi5454.png>
Package pdftex.def Info: ../../Images/floyd_opt_Javi5454.png  used on input lin
e 785.
(pdftex.def)             Requested size: 192.72148pt x 115.63289pt.
<../../Images/floyd_opt_Jota.png, id=96, 642.4pt x 385.44pt>
File: ../../Images/floyd_opt_Jota.png Graphic file (type png)
<use ../../Images/floyd_opt_Jota.png>
Package pdftex.def Info: ../../Images/floyd_opt_Jota.png  used on input line 79
1.
(pdftex.def)             Requested size: 192.72148pt x 115.63289pt.
<../../Images/floyd_opt_ManuelMoya.png, id=97, 642.4pt x 385.44pt>
File: ../../Images/floyd_opt_ManuelMoya.png Graphic file (type png)
<use ../../Images/floyd_opt_ManuelMoya.png>
Package pdftex.def Info: ../../Images/floyd_opt_ManuelMoya.png  used on input l
ine 799.
(pdftex.def)             Requested size: 179.87077pt x 107.92245pt.
[16 <../../Images/floyd_opt_Javi5454.png> <../../Images/floyd_opt_Jota.png> <..
/../Images/floyd_opt_ManuelMoya.png>]
<../../Images/floy_comparacion.png, id=101, 642.4pt x 385.44pt>
File: ../../Images/floy_comparacion.png Graphic file (type png)
<use ../../Images/floy_comparacion.png>
Package pdftex.def Info: ../../Images/floy_comparacion.png  used on input line 
814.
(pdftex.def)             Requested size: 160.59961pt x 96.35976pt.
<../../Images/hanoi_comparacion.png, id=102, 642.4pt x 385.44pt>
File: ../../Images/hanoi_comparacion.png Graphic file (type png)
<use ../../Images/hanoi_comparacion.png>
Package pdftex.def Info: ../../Images/hanoi_comparacion.png  used on input line
 819.
(pdftex.def)             Requested size: 160.59961pt x 96.35976pt.

Overfull \hbox (2.22221pt too wide) in paragraph at lines 812--822
[]$[]$ $[]$ 
 []

[17 <../../Images/floy_comparacion.png> <../../Images/hanoi_comparacion.png>]
(./Codes/peor.cpp) (./Codes/mejor.cpp)

LaTeX Warning: `!h' float specifier changed to `!ht'.


LaTeX Warning: `!h' float specifier changed to `!ht'.

[18]
<../../Images/Grafica_casos_seleccion_Javi5454.png, id=110, 642.4pt x 385.44pt>

File: ../../Images/Grafica_casos_seleccion_Javi5454.png Graphic file (type png)

<use ../../Images/Grafica_casos_seleccion_Javi5454.png>
Package pdftex.def Info: ../../Images/Grafica_casos_seleccion_Javi5454.png  use
d on input line 1009.
(pdftex.def)             Requested size: 192.72148pt x 115.63289pt.
<../../Images/Grafica_insercion_casos_Javi5454.png, id=111, 642.4pt x 385.44pt>

File: ../../Images/Grafica_insercion_casos_Javi5454.png Graphic file (type png)

<use ../../Images/Grafica_insercion_casos_Javi5454.png>
Package pdftex.def Info: ../../Images/Grafica_insercion_casos_Javi5454.png  use
d on input line 1015.
(pdftex.def)             Requested size: 192.72148pt x 115.63289pt.

Overfull \hbox (2.22221pt too wide) in paragraph at lines 1007--1018
[]$[]$  $[]$ 
 []

<../../Images/Grafica_casos_seleccion_Joshoccas.png, id=112, 1854.93pt x 955.57
pt>
File: ../../Images/Grafica_casos_seleccion_Joshoccas.png Graphic file (type png
)
<use ../../Images/Grafica_casos_seleccion_Joshoccas.png>
Package pdftex.def Info: ../../Images/Grafica_casos_seleccion_Joshoccas.png  us
ed on input line 1023.
(pdftex.def)             Requested size: 222.582pt x 114.66345pt.
<../../Images/Grafica_casos_insercion_Joshoccas.png, id=113, 642.4pt x 385.44pt
>
File: ../../Images/Grafica_casos_insercion_Joshoccas.png Graphic file (type png
)
<use ../../Images/Grafica_casos_insercion_Joshoccas.png>
Package pdftex.def Info: ../../Images/Grafica_casos_insercion_Joshoccas.png  us
ed on input line 1029.
(pdftex.def)             Requested size: 192.72148pt x 115.63289pt.

Overfull \hbox (2.22221pt too wide) in paragraph at lines 1021--1032
[]$[]$  $[]$ 
 []


LaTeX Warning: `!h' float specifier changed to `!ht'.

<../../Images/Casos_seleccion_ManuelMoya.png, id=114, 642.4pt x 385.44pt>
File: ../../Images/Casos_seleccion_ManuelMoya.png Graphic file (type png)
<use ../../Images/Casos_seleccion_ManuelMoya.png>
Package pdftex.def Info: ../../Images/Casos_seleccion_ManuelMoya.png  used on i
nput line 1037.
(pdftex.def)             Requested size: 192.72148pt x 115.63289pt.
<../../Images/Casos_insercion_ManuelMoya.png, id=115, 642.4pt x 385.44pt>
File: ../../Images/Casos_insercion_ManuelMoya.png Graphic file (type png)
<use ../../Images/Casos_insercion_ManuelMoya.png>
Package pdftex.def Info: ../../Images/Casos_insercion_ManuelMoya.png  used on i
nput line 1043.
(pdftex.def)             Requested size: 192.72148pt x 115.63289pt.

Overfull \hbox (2.22221pt too wide) in paragraph at lines 1035--1046
[]$[]$  $[]$ 
 []


LaTeX Warning: `!h' float specifier changed to `!ht'.

[19 <../../Images/Grafica_casos_seleccion_Javi5454.png> <../../Images/Grafica_i
nsercion_casos_Javi5454.png>]
Underfull \hbox (badness 10000) in paragraph at lines 1052--1053

 []

(./Codes/insercion.cpp) [20 <../../Images/Grafica_casos_seleccion_Joshoccas.png
> <../../Images/Grafica_casos_insercion_Joshoccas.png> <../../Images/Casos_sele
ccion_ManuelMoya.png> <../../Images/Casos_insercion_ManuelMoya.png>] [21]
(./Practica1ALG.aux
LaTeX Info: Redefining \. on input line 7.
LaTeX Info: Redefining \% on input line 7.
) ) 
Here is how much of TeX's memory you used:
 9415 strings out of 481239
 149160 string characters out of 5920377
 654467 words of memory out of 5000000
 24473 multiletter control sequences out of 15000+600000
 542803 words of font info for 63 fonts, out of 8000000 for 9000
 1141 hyphenation exceptions out of 8191
 43i,10n,65p,936b,1701s stack positions out of 5000i,500n,10000p,200000b,80000s
{/usr/share/texmf/fonts/enc/dvips/cm-super/cm-super-ts1.enc}</usr/share/texl
ive/texmf-dist/fonts/type1/public/amsfonts/cm/cmbx10.pfb></usr/share/texlive/te
xmf-dist/fonts/type1/public/amsfonts/cm/cmbx12.pfb></usr/share/texlive/texmf-di
st/fonts/type1/public/amsfonts/cm/cmbx8.pfb></usr/share/texlive/texmf-dist/font
s/type1/public/amsfonts/cm/cmcsc10.pfb></usr/share/texlive/texmf-dist/fonts/typ
e1/public/amsfonts/cm/cmex10.pfb></usr/share/texlive/texmf-dist/fonts/type1/pub
lic/amsfonts/cm/cmmi10.pfb></usr/share/texlive/texmf-dist/fonts/type1/public/am
sfonts/cm/cmmi7.pfb></usr/share/texlive/texmf-dist/fonts/type1/public/amsfonts/
cm/cmmi8.pfb></usr/share/texlive/texmf-dist/fonts/type1/public/amsfonts/cm/cmr1
0.pfb></usr/share/texlive/texmf-dist/fonts/type1/public/amsfonts/cm/cmr12.pfb><
/usr/share/texlive/texmf-dist/fonts/type1/public/amsfonts/cm/cmr7.pfb></usr/sha
re/texlive/texmf-dist/fonts/type1/public/amsfonts/cm/cmr8.pfb></usr/share/texli
ve/texmf-dist/fonts/type1/public/amsfonts/cm/cmr9.pfb></usr/share/texlive/texmf
-dist/fonts/type1/public/amsfonts/cm/cmss12.pfb></usr/share/texlive/texmf-dist/
fonts/type1/public/amsfonts/cm/cmss8.pfb></usr/share/texlive/texmf-dist/fonts/t
ype1/public/amsfonts/cm/cmsy10.pfb></usr/share/texlive/texmf-dist/fonts/type1/p
ublic/amsfonts/cm/cmsy7.pfb></usr/share/texlive/texmf-dist/fonts/type1/public/a
msfonts/cm/cmsy8.pfb></usr/share/texlive/texmf-dist/fonts/type1/public/amsfonts
/cm/cmti10.pfb></usr/share/texlive/texmf-dist/fonts/type1/public/amsfonts/cm/cm
ti12.pfb></usr/share/texlive/texmf-dist/fonts/type1/public/amsfonts/cm/cmti8.pf
b></usr/share/texlive/texmf-dist/fonts/type1/public/amsfonts/cm/cmtt10.pfb></us
r/share/texlive/texmf-dist/fonts/type1/public/amsfonts/cm/cmtt12.pfb></usr/shar
e/texlive/texmf-dist/fonts/type1/public/amsfonts/symbols/msbm10.pfb></usr/share
/texmf/fonts/type1/public/cm-super/sfrm0800.pfb>
Output written on Practica1ALG.pdf (22 pages, 1626147 bytes).
PDF statistics:
 205 PDF objects out of 1000 (max. 8388607)
 127 compressed objects within 2 object streams
 0 named destinations out of 1000 (max. 500000)
 126 words of extra memory for PDF output out of 10000 (max. 10000000)

