

*******************************************************************************
Mon Apr 25 20:50:35 2022


FIT:    data read from 'secuencial.dat'
        format = z
        #datapoints = 26
        residuals are weighted equally (unit weight)

function used for fitting: f(x)
	f(x) = a0*x+a1
fitted parameters initialized with current variable values

iter      chisq       delta/lim  lambda   a0            a1           
   0 5.8999242545e+00   0.00e+00  8.95e-01   -6.502965e-08   9.999998e-01
   4 7.7930083399e-05  -5.80e-06  8.95e-05    8.417551e-09   1.537554e-03

After 4 iterations the fit converged.
final sum of squares of residuals : 7.79301e-05
rel. change during last iteration : -5.80466e-11

degrees of freedom    (FIT_NDF)                        : 24
rms of residuals      (FIT_STDFIT) = sqrt(WSSR/ndf)    : 0.00180197
variance of residuals (reduced chisquare) = WSSR/ndf   : 3.24709e-06

Final set of parameters            Asymptotic Standard Error
=======================            ==========================
a0              = 8.41755e-09      +/- 6.2e-11      (0.7365%)
a1              = 0.00153755       +/- 0.0007407    (48.18%)

correlation matrix of the fit parameters:
                a0     a1     
a0              1.000 
a1             -0.879  1.000 


*******************************************************************************



*******************************************************************************
Mon Apr 25 21:03:46 2022


FIT:    data read from 'binaria.dat'
        format = z
        #datapoints = 26
        residuals are weighted equally (unit weight)

function used for fitting: g(x)
	g(x) = b0*log(x)
fitted parameters initialized with current variable values

iter      chisq       delta/lim  lambda   b0           
   0 2.1656870503e-03   0.00e+00  1.81e-02    1.131077e-03
   1 2.1656870503e-03   0.00e+00  1.81e-01    1.131077e-03

After 1 iterations the fit converged.
final sum of squares of residuals : 0.00216569
rel. change during last iteration : 0

degrees of freedom    (FIT_NDF)                        : 25
rms of residuals      (FIT_STDFIT) = sqrt(WSSR/ndf)    : 0.00930739
variance of residuals (reduced chisquare) = WSSR/ndf   : 8.66275e-05

Final set of parameters            Asymptotic Standard Error
=======================            ==========================
b0              = 0.00113108       +/- 0.0001144    (10.11%)


*******************************************************************************
Mon Apr 25 21:08:51 2022


FIT:    data read from 'binaria.dat'
        format = z
        #datapoints = 26
        residuals are weighted equally (unit weight)

function used for fitting: g(x)
	g(x) = b0*x*(log(x)/log(2))
fitted parameters initialized with current variable values

iter      chisq       delta/lim  lambda   b0           
   0 2.6903766981e+12   0.00e+00  3.22e+05    1.131077e-03
   5 1.9928665340e-05  -1.70e-10  3.22e+00    7.105901e-11

After 5 iterations the fit converged.
final sum of squares of residuals : 1.99287e-05
rel. change during last iteration : -1.70013e-15

degrees of freedom    (FIT_NDF)                        : 25
rms of residuals      (FIT_STDFIT) = sqrt(WSSR/ndf)    : 0.000892831
variance of residuals (reduced chisquare) = WSSR/ndf   : 7.97147e-07

Final set of parameters            Asymptotic Standard Error
=======================            ==========================
b0              = 7.1059e-11       +/- 6.157e-13    (0.8664%)


*******************************************************************************
Mon Apr 25 21:23:36 2022


FIT:    data read from 'binaria.dat'
        format = z
        #datapoints = 26
        residuals are weighted equally (unit weight)

function used for fitting: g(x)
	g(x) = b0*(log(x)/log(2))+b1
fitted parameters initialized with current variable values

iter      chisq       delta/lim  lambda   b0            b1           
   0 2.5093764153e+01   0.00e+00  7.07e-01    7.105901e-11   1.000000e+00
   3 2.5552716813e-03  -1.29e-02  7.07e-04    7.105903e-11   1.763220e-02

After 3 iterations the fit converged.
final sum of squares of residuals : 0.00255527
rel. change during last iteration : -1.29229e-07

degrees of freedom    (FIT_NDF)                        : 24
rms of residuals      (FIT_STDFIT) = sqrt(WSSR/ndf)    : 0.0103184
variance of residuals (reduced chisquare) = WSSR/ndf   : 0.00010647

Final set of parameters            Asymptotic Standard Error
=======================            ==========================
b0              = 7.1059e-11       +/- 0.001817     (2.557e+09%)
b1              = 0.0176322        +/- 0.04184      (237.3%)

correlation matrix of the fit parameters:
                b0     b1     
b0              1.000 
b1             -0.999  1.000 


*******************************************************************************
Mon Apr 25 21:45:57 2022


FIT:    data read from 'binaria.dat'
        format = z
        #datapoints = 26
        residuals are weighted equally (unit weight)

function used for fitting: g(x)
	g(x) = b0*(log(x)/log(2))+b1
fitted parameters initialized with current variable values

iter      chisq       delta/lim  lambda   b0            b1           
   0 2.5552716813e-03   0.00e+00  1.25e-02    7.105903e-11   1.763220e-02
   1 2.5552716813e-03  -1.70e-10  1.25e-03    7.105904e-11   1.763220e-02

After 1 iterations the fit converged.
final sum of squares of residuals : 0.00255527
rel. change during last iteration : -1.6972e-15

degrees of freedom    (FIT_NDF)                        : 24
rms of residuals      (FIT_STDFIT) = sqrt(WSSR/ndf)    : 0.0103184
variance of residuals (reduced chisquare) = WSSR/ndf   : 0.00010647

Final set of parameters            Asymptotic Standard Error
=======================            ==========================
b0              = 7.1059e-11       +/- 0.001817     (2.557e+09%)
b1              = 0.0176322        +/- 0.04184      (237.3%)

correlation matrix of the fit parameters:
                b0     b1     
b0              1.000 
b1             -0.999  1.000 


*******************************************************************************
Mon Apr 25 21:46:02 2022


FIT:    data read from 'binaria.dat'
        format = z
        #datapoints = 26
        residuals are weighted equally (unit weight)

function used for fitting: g(x)
	g(x) = b0*(log(x)/log(2))+b1
fitted parameters initialized with current variable values

iter      chisq       delta/lim  lambda   b0            b1           
   0 2.5552716813e-03   0.00e+00  1.25e-02    7.105904e-11   1.763220e-02
   1 2.5552716813e-03  -1.87e-10  1.25e-03    7.105905e-11   1.763220e-02

After 1 iterations the fit converged.
final sum of squares of residuals : 0.00255527
rel. change during last iteration : -1.86692e-15

degrees of freedom    (FIT_NDF)                        : 24
rms of residuals      (FIT_STDFIT) = sqrt(WSSR/ndf)    : 0.0103184
variance of residuals (reduced chisquare) = WSSR/ndf   : 0.00010647

Final set of parameters            Asymptotic Standard Error
=======================            ==========================
b0              = 7.10591e-11      +/- 0.001817     (2.557e+09%)
b1              = 0.0176322        +/- 0.04184      (237.3%)

correlation matrix of the fit parameters:
                b0     b1     
b0              1.000 
b1             -0.999  1.000 


*******************************************************************************
Mon Apr 25 21:59:09 2022


FIT:    data read from 'binaria.dat'
        format = z
        #datapoints = 26
        residuals are weighted equally (unit weight)

function used for fitting: g(x)
	g(x) = b0*(log(x)/log(2))
fitted parameters initialized with current variable values

iter      chisq       delta/lim  lambda   b0           
   0 1.3762992367e+04   0.00e+00  2.30e+01    1.000000e+00
   4 2.1656870503e-03  -1.92e-09  2.30e-03    7.840027e-04

After 4 iterations the fit converged.
final sum of squares of residuals : 0.00216569
rel. change during last iteration : -1.92241e-14

degrees of freedom    (FIT_NDF)                        : 25
rms of residuals      (FIT_STDFIT) = sqrt(WSSR/ndf)    : 0.00930739
variance of residuals (reduced chisquare) = WSSR/ndf   : 8.66275e-05

Final set of parameters            Asymptotic Standard Error
=======================            ==========================
b0              = 0.000784003      +/- 7.927e-05    (10.11%)


*******************************************************************************
Mon Apr 25 22:02:15 2022


FIT:    data read from 'binaria.dat'
        format = z
        #datapoints = 26
        residuals are weighted equally (unit weight)

function used for fitting: g(x)
	g(x) = b0*sqrt(x)
fitted parameters initialized with current variable values

iter      chisq       delta/lim  lambda   b0           
   0 1.6520569739e+02   0.00e+00  2.54e+00    7.840027e-04
   4 5.1154799850e-04  -1.06e-10  2.54e-04    6.090580e-06

After 4 iterations the fit converged.
final sum of squares of residuals : 0.000511548
rel. change during last iteration : -1.05973e-15

degrees of freedom    (FIT_NDF)                        : 25
rms of residuals      (FIT_STDFIT) = sqrt(WSSR/ndf)    : 0.00452349
variance of residuals (reduced chisquare) = WSSR/ndf   : 2.04619e-05

Final set of parameters            Asymptotic Standard Error
=======================            ==========================
b0              = 6.09058e-06      +/- 2.738e-07    (4.495%)


*******************************************************************************
Mon Apr 25 22:03:26 2022


FIT:    data read from 'binaria.dat'
        format = z
        #datapoints = 26
        residuals are weighted equally (unit weight)

function used for fitting: g(x)
	g(x) = b0*(log(b1*x)/log(2))+b2
fitted parameters initialized with current variable values

iter      chisq       delta/lim  lambda   b0            b1            b2           
   0 2.5100916833e+01   0.00e+00  5.77e-01    6.090580e-06   1.000000e+00   1.000000e+00
   8 3.9839394778e-04  -5.28e-05  5.77e-08    8.178129e-03   1.000396e+00  -1.704581e-01

After 8 iterations the fit converged.
final sum of squares of residuals : 0.000398394
rel. change during last iteration : -5.28277e-10

degrees of freedom    (FIT_NDF)                        : 23
rms of residuals      (FIT_STDFIT) = sqrt(WSSR/ndf)    : 0.00416191
variance of residuals (reduced chisquare) = WSSR/ndf   : 1.73215e-05

Final set of parameters            Asymptotic Standard Error
=======================            ==========================
b0              = 0.00817813       +/- 0.0007616    (9.313%)
b1              = 1.0004           +/- 3.912e+10    (3.91e+12%)
b2              = -0.170458        +/- 4.611e+08    (2.705e+11%)

correlation matrix of the fit parameters:
                b0     b1     b2     
b0              1.000 
b1              0.272  1.000 
b2             -0.272 -1.000  1.000 


*******************************************************************************
Mon Apr 25 23:22:00 2022


FIT:    data read from 'binaria.csv'
        format = z
        #datapoints = 26
        residuals are weighted equally (unit weight)

function used for fitting: g(x)
	g(x) = b0*(log(x)/log(2))
fitted parameters initialized with current variable values

iter      chisq       delta/lim  lambda   b0           
   0 7.5581241386e-01   0.00e+00  1.88e-01    8.178129e-03
   3 2.1656870503e-03  -7.06e-03  1.88e-04    7.840027e-04

After 3 iterations the fit converged.
final sum of squares of residuals : 0.00216569
rel. change during last iteration : -7.05609e-08

degrees of freedom    (FIT_NDF)                        : 25
rms of residuals      (FIT_STDFIT) = sqrt(WSSR/ndf)    : 0.00930739
variance of residuals (reduced chisquare) = WSSR/ndf   : 8.66275e-05

Final set of parameters            Asymptotic Standard Error
=======================            ==========================
b0              = 0.000784003      +/- 7.927e-05    (10.11%)
