

*******************************************************************************
Sat Mar 26 14:40:01 2022


FIT:    data read from 'salida_insercion.dat'
        format = z
        #datapoints = 26
        residuals are weighted equally (unit weight)

function used for fitting: f(x)
	f(x) = a0*x*x+a1*x+a2
fitted parameters initialized with current variable values

iter      chisq       delta/lim  lambda   a0            a1            a2           
   0 9.2414297526e+21   0.00e+00  1.09e+10    1.000000e+00   1.000000e+00   1.000000e+00
  13 9.6755329889e+00  -1.86e-01  1.09e-03    7.963407e-10   2.235625e-05  -5.922785e-01

After 13 iterations the fit converged.
final sum of squares of residuals : 9.67553
rel. change during last iteration : -1.86416e-06

degrees of freedom    (FIT_NDF)                        : 23
rms of residuals      (FIT_STDFIT) = sqrt(WSSR/ndf)    : 0.648595
variance of residuals (reduced chisquare) = WSSR/ndf   : 0.420675

Final set of parameters            Asymptotic Standard Error
=======================            ==========================
a0              = 7.96341e-10      +/- 4.387e-11    (5.509%)
a1              = 2.23562e-05      +/- 9.479e-06    (42.4%)
a2              = -0.592279        +/- 0.433        (73.1%)

correlation matrix of the fit parameters:
                a0     a1     a2     
a0              1.000 
a1             -0.972  1.000 
a2              0.788 -0.893  1.000 


*******************************************************************************
Sat Mar 26 14:40:36 2022


FIT:    data read from 'salida_insercion_mejor.dat'
        format = z
        #datapoints = 26
        residuals are weighted equally (unit weight)

function used for fitting: g(x)
	g(x) = b0*x*x+b1*x+b2
fitted parameters initialized with current variable values

iter      chisq       delta/lim  lambda   b0            b1            b2           
   0 9.2414297694e+21   0.00e+00  1.09e+10    1.000000e+00   1.000000e+00   1.000000e+00
  14 2.4120477373e-07  -8.22e-03  1.09e-04   -8.841974e-15   4.555040e-09   2.971216e-05

After 14 iterations the fit converged.
final sum of squares of residuals : 2.41205e-07
rel. change during last iteration : -8.21896e-08

degrees of freedom    (FIT_NDF)                        : 23
rms of residuals      (FIT_STDFIT) = sqrt(WSSR/ndf)    : 0.000102407
variance of residuals (reduced chisquare) = WSSR/ndf   : 1.04872e-08

Final set of parameters            Asymptotic Standard Error
=======================            ==========================
b0              = -8.84197e-15     +/- 6.927e-15    (78.34%)
b1              = 4.55504e-09      +/- 1.497e-09    (32.86%)
b2              = 2.97122e-05      +/- 6.836e-05    (230.1%)

correlation matrix of the fit parameters:
                b0     b1     b2     
b0              1.000 
b1             -0.972  1.000 
b2              0.788 -0.893  1.000 


*******************************************************************************
Sat Mar 26 14:41:01 2022


FIT:    data read from 'salida_insercion_peor.dat'
        format = z
        #datapoints = 26
        residuals are weighted equally (unit weight)

function used for fitting: h(x)
	h(x) = c0*x*x+c1*x+c2
fitted parameters initialized with current variable values

iter      chisq       delta/lim  lambda   c0            c1            c2           
   0 9.2414297332e+21   0.00e+00  1.09e+10    1.000000e+00   1.000000e+00   1.000000e+00
  13 5.1177274240e+01  -1.20e-02  1.09e-03    2.218101e-09  -5.472606e-05   1.927980e+00

After 13 iterations the fit converged.
final sum of squares of residuals : 51.1773
rel. change during last iteration : -1.19715e-07

degrees of freedom    (FIT_NDF)                        : 23
rms of residuals      (FIT_STDFIT) = sqrt(WSSR/ndf)    : 1.49168
variance of residuals (reduced chisquare) = WSSR/ndf   : 2.2251

Final set of parameters            Asymptotic Standard Error
=======================            ==========================
c0              = 2.2181e-09       +/- 1.009e-10    (4.549%)
c1              = -5.47261e-05     +/- 2.18e-05     (39.84%)
c2              = 1.92798          +/- 0.9957       (51.65%)

correlation matrix of the fit parameters:
                c0     c1     c2     
c0              1.000 
c1             -0.972  1.000 
c2              0.788 -0.893  1.000 
