

*******************************************************************************
Wed Mar 23 01:41:03 2022


FIT:    data read from 'salida_quicksort.dat'
        format = z
        #datapoints = 26
        residuals are weighted equally (unit weight)

function used for fitting: f(x)
	f(x)=a0*x*log(x)
fitted parameters initialized with current variable values

iter      chisq       delta/lim  lambda   a0           
   0 2.4025434453e-03   0.00e+00  1.80e-01    1.059542e-08
   3 8.9446846159e-05  -5.24e-04  1.80e-04    1.115147e-08

After 3 iterations the fit converged.
final sum of squares of residuals : 8.94468e-05
rel. change during last iteration : -5.24349e-09

degrees of freedom    (FIT_NDF)                        : 25
rms of residuals      (FIT_STDFIT) = sqrt(WSSR/ndf)    : 0.00189153
variance of residuals (reduced chisquare) = WSSR/ndf   : 3.57787e-06

Final set of parameters            Asymptotic Standard Error
=======================            ==========================
a0              = 1.11515e-08      +/- 2.187e-11    (0.1961%)
