

*******************************************************************************
Wed Mar 23 01:42:31 2022


FIT:    data read from 'salida_heapsort.dat'
        format = z
        #datapoints = 26
        residuals are weighted equally (unit weight)

function used for fitting: f(x)
	f(x)=a0*x*log(x)
fitted parameters initialized with current variable values

iter      chisq       delta/lim  lambda   a0           
   0 1.6095053205e-01   0.00e+00  1.89e-01    1.115147e-08
   3 7.5486258682e-03  -4.12e-04  1.89e-04    1.567976e-08

After 3 iterations the fit converged.
final sum of squares of residuals : 0.00754863
rel. change during last iteration : -4.12054e-09

degrees of freedom    (FIT_NDF)                        : 25
rms of residuals      (FIT_STDFIT) = sqrt(WSSR/ndf)    : 0.0173766
variance of residuals (reduced chisquare) = WSSR/ndf   : 0.000301945

Final set of parameters            Asymptotic Standard Error
=======================            ==========================
a0              = 1.56798e-08      +/- 2.009e-10    (1.281%)
