

*******************************************************************************
Wed Mar 23 01:18:19 2022


FIT:    data read from 'salida_insercion.dat'
        format = z
        #datapoints = 26
        residuals are weighted equally (unit weight)

function used for fitting: f(x)
	f(x)=a0*x*x+a1*x+a2
fitted parameters initialized with current variable values

iter      chisq       delta/lim  lambda   a0            a1            a2           
   0 9.2414297526e+21   0.00e+00  1.09e+10    1.000000e+00   1.000000e+00   1.000000e+00
  13 9.6755329889e+00  -1.86e-01  1.09e-03    7.963407e-10   2.235625e-05  -5.922785e-01

After 13 iterations the fit converged.
final sum of squares of residuals : 9.67553
rel. change during last iteration : -1.86416e-06

degrees of freedom    (FIT_NDF)                        : 23
rms of residuals      (FIT_STDFIT) = sqrt(WSSR/ndf)    : 0.648595
variance of residuals (reduced chisquare) = WSSR/ndf   : 0.420675

Final set of parameters            Asymptotic Standard Error
=======================            ==========================
a0              = 7.96341e-10      +/- 4.387e-11    (5.509%)
a1              = 2.23562e-05      +/- 9.479e-06    (42.4%)
a2              = -0.592279        +/- 0.433        (73.1%)

correlation matrix of the fit parameters:
                a0     a1     a2     
a0              1.000 
a1             -0.972  1.000 
a2              0.788 -0.893  1.000 
