

*******************************************************************************
Wed Mar 23 01:46:20 2022


FIT:    data read from 'salida_hanoi.dat'
        format = z
        #datapoints = 25
        residuals are weighted equally (unit weight)

function used for fitting: f(x)
	f(x)=a0*2^(x)
fitted parameters initialized with current variable values



*******************************************************************************
Wed Mar 23 01:47:41 2022


FIT:    data read from 'salida_hanoi.dat'
        format = z
        #datapoints = 25
        residuals are weighted equally (unit weight)

function used for fitting: f(x)
	f(x)=a0*2**x
fitted parameters initialized with current variable values

iter      chisq       delta/lim  lambda   a0           
   0 1.4480611709e+00   0.00e+00  2.54e+00    5.129217e-09
   3 2.8200812414e-01  -9.78e-05  2.54e-03    4.693745e-09

After 3 iterations the fit converged.
final sum of squares of residuals : 0.282008
rel. change during last iteration : -9.77873e-10

degrees of freedom    (FIT_NDF)                        : 24
rms of residuals      (FIT_STDFIT) = sqrt(WSSR/ndf)    : 0.108399
variance of residuals (reduced chisquare) = WSSR/ndf   : 0.0117503

Final set of parameters            Asymptotic Standard Error
=======================            ==========================
a0              = 4.69375e-09      +/- 4.371e-11    (0.9313%)
