

*******************************************************************************
Sat Mar 26 20:46:34 2022


FIT:    data read from 'salida_quicksort.dat'
        format = z
        #datapoints = 26
        residuals are weighted equally (unit weight)

function used for fitting: f(x)
	f(x) = a0*x*log(x)
fitted parameters initialized with current variable values

iter      chisq       delta/lim  lambda   a0           
   0 7.4810529780e+15   0.00e+00  1.70e+07    1.000000e+00
   5 8.9446846159e-05   0.00e+00  1.70e+10    1.115147e-08

After 5 iterations the fit converged.
final sum of squares of residuals : 8.94468e-05
rel. change during last iteration : 0

degrees of freedom    (FIT_NDF)                        : 25
rms of residuals      (FIT_STDFIT) = sqrt(WSSR/ndf)    : 0.00189153
variance of residuals (reduced chisquare) = WSSR/ndf   : 3.57787e-06

Final set of parameters            Asymptotic Standard Error
=======================            ==========================
a0              = 1.11515e-08      +/- 2.187e-11    (0.1961%)


*******************************************************************************
Sat Mar 26 20:46:53 2022


FIT:    data read from 'salida_quicksortj.dat'
        format = z
        #datapoints = 26
        residuals are weighted equally (unit weight)

function used for fitting: g(x)
	g(x) = b0*x*log(x)
fitted parameters initialized with current variable values

iter      chisq       delta/lim  lambda   b0           
   0 7.4810530074e+15   0.00e+00  1.70e+07    1.000000e+00
   5 4.1711947946e-05  -2.92e-10  1.70e+02    9.187011e-09

After 5 iterations the fit converged.
final sum of squares of residuals : 4.17119e-05
rel. change during last iteration : -2.92417e-15

degrees of freedom    (FIT_NDF)                        : 25
rms of residuals      (FIT_STDFIT) = sqrt(WSSR/ndf)    : 0.0012917
variance of residuals (reduced chisquare) = WSSR/ndf   : 1.66848e-06

Final set of parameters            Asymptotic Standard Error
=======================            ==========================
b0              = 9.18701e-09      +/- 1.493e-11    (0.1626%)


*******************************************************************************
Sat Mar 26 20:47:20 2022


FIT:    data read from 'salida_quicksortm.dat'
        format = z
        #datapoints = 26
        residuals are weighted equally (unit weight)

function used for fitting: h(x)
	h(x) = c0*x*log(x)
fitted parameters initialized with current variable values

iter      chisq       delta/lim  lambda   c0           
   0 7.4810529631e+15   0.00e+00  1.70e+07    1.000000e+00
   5 5.0325454767e-06  -2.04e-09  1.70e+02    1.214392e-08

After 5 iterations the fit converged.
final sum of squares of residuals : 5.03255e-06
rel. change during last iteration : -2.03656e-14

degrees of freedom    (FIT_NDF)                        : 25
rms of residuals      (FIT_STDFIT) = sqrt(WSSR/ndf)    : 0.000448667
variance of residuals (reduced chisquare) = WSSR/ndf   : 2.01302e-07

Final set of parameters            Asymptotic Standard Error
=======================            ==========================
c0              = 1.21439e-08      +/- 5.187e-12    (0.04272%)
*******************************************************************************
Sun Mar 27 14:24:51 2022


FIT:    data read from 'salida_quicksort_portatil.dat'
        format = z
        #datapoints = 26
        residuals are weighted equally (unit weight)

function used for fitting: g(x)
	g(x) = b0*x*log(x)
fitted parameters initialized with current variable values

iter      chisq       delta/lim  lambda   b0           
   0 7.4810530085e+15   0.00e+00  1.70e+07    1.000000e+00
   5 2.7029257384e-05  -1.38e-10  1.70e+06    9.113195e-09

After 5 iterations the fit converged.
final sum of squares of residuals : 2.70293e-05
rel. change during last iteration : -1.37886e-15

degrees of freedom    (FIT_NDF)                        : 25
rms of residuals      (FIT_STDFIT) = sqrt(WSSR/ndf)    : 0.00103979
variance of residuals (reduced chisquare) = WSSR/ndf   : 1.08117e-06

Final set of parameters            Asymptotic Standard Error
=======================            ==========================
b0              = 9.1132e-09       +/- 1.202e-11    (0.1319%)

*******************************************************************************
Sun Mar 27 14:37:11 2022


FIT:    data read from 'salida_quicksort_windows.dat'
        format = z
        #datapoints = 26
        residuals are weighted equally (unit weight)

function used for fitting: g(x)
	g(x) = b0*x*log(x)
fitted parameters initialized with current variable values

iter      chisq       delta/lim  lambda   b0           
   0 7.4810530034e+15   0.00e+00  1.70e+07    1.000000e+00
   5 2.4582381766e-03  -1.94e-10  1.70e+02    9.450341e-09

After 5 iterations the fit converged.
final sum of squares of residuals : 0.00245824
rel. change during last iteration : -1.94061e-15

degrees of freedom    (FIT_NDF)                        : 25
rms of residuals      (FIT_STDFIT) = sqrt(WSSR/ndf)    : 0.00991612
variance of residuals (reduced chisquare) = WSSR/ndf   : 9.83295e-05

Final set of parameters            Asymptotic Standard Error
=======================            ==========================
b0              = 9.45034e-09      +/- 1.146e-10    (1.213%)
