

*******************************************************************************
Wed May 18 00:40:52 2022


FIT:    data read from 'insercion.dat'
        format = z
        #datapoints = 25
        residuals are weighted equally (unit weight)

function used for fitting: f(x)
	f(x) = a0*x*x*x+a1*x*x+a2*x+a3
fitted parameters initialized with current variable values

iter      chisq       delta/lim  lambda   a0            a1            a2            a3           
   0 3.3098369710e+22   0.00e+00  1.82e+10    1.000000e+00   1.000000e+00   1.000000e+00   1.000000e+00
  14 6.2727764755e+01  -2.22e-06  1.82e-04    6.467031e-09  -2.217614e-05   2.335995e-02  -4.751856e+00

After 14 iterations the fit converged.
final sum of squares of residuals : 62.7278
rel. change during last iteration : -2.21754e-11

degrees of freedom    (FIT_NDF)                        : 21
rms of residuals      (FIT_STDFIT) = sqrt(WSSR/ndf)    : 1.7283
variance of residuals (reduced chisquare) = WSSR/ndf   : 2.98704

Final set of parameters            Asymptotic Standard Error
=======================            ==========================
a0              = 6.46703e-09      +/- 2.074e-10    (3.207%)
a1              = -2.21761e-05     +/- 1.465e-06    (6.606%)
a2              = 0.02336          +/- 0.00296      (12.67%)
a3              = -4.75186         +/- 1.62         (34.08%)

correlation matrix of the fit parameters:
                a0     a1     a2     a3     
a0              1.000 
a1             -0.987  1.000 
a2              0.926 -0.973  1.000 
a3             -0.719  0.795 -0.897  1.000 


*******************************************************************************
Wed May 18 00:42:40 2022


FIT:    data read from 'insercion.dat'
        format = z
        #datapoints = 25
        residuals are weighted equally (unit weight)

function used for fitting: g(x)
	g(x) = b0*x*x+b1*x+b2
fitted parameters initialized with current variable values

iter      chisq       delta/lim  lambda   b0            b1            b2           
   0 2.2245864388e+15   0.00e+00  5.44e+06    1.000000e+00   1.000000e+00   1.000000e+00
  10 2.9662789268e+03  -1.25e-03  5.44e-04    2.292032e-05  -6.211207e-02   3.153289e+01

After 10 iterations the fit converged.
final sum of squares of residuals : 2966.28
rel. change during last iteration : -1.25406e-08

degrees of freedom    (FIT_NDF)                        : 22
rms of residuals      (FIT_STDFIT) = sqrt(WSSR/ndf)    : 11.6117
variance of residuals (reduced chisquare) = WSSR/ndf   : 134.831

Final set of parameters            Asymptotic Standard Error
=======================            ==========================
b0              = 2.29203e-05      +/- 1.563e-06    (6.82%)
b1              = -0.0621121       +/- 0.007499     (12.07%)
b2              = 31.5329          +/- 7.567        (24%)

correlation matrix of the fit parameters:
                b0     b1     b2     
b0              1.000 
b1             -0.971  1.000 
b2              0.775 -0.885  1.000 


*******************************************************************************
Wed May 18 00:43:25 2022


FIT:    data read from 'insercion.dat'
        format = z
        #datapoints = 25
        residuals are weighted equally (unit weight)

function used for fitting: f(x)
	f(x) = a0*x*x*x+a1*x*x+a2*x+a3
fitted parameters initialized with current variable values

iter      chisq       delta/lim  lambda   a0            a1            a2            a3           
   0 6.2727764755e+01   0.00e+00  1.60e+02    6.467031e-09  -2.217614e-05   2.335995e-02  -4.751856e+00
   1 6.2727764755e+01  -2.61e-10  1.60e+01    6.467031e-09  -2.217614e-05   2.335995e-02  -4.751856e+00

After 1 iterations the fit converged.
final sum of squares of residuals : 62.7278
rel. change during last iteration : -2.6053e-15

degrees of freedom    (FIT_NDF)                        : 21
rms of residuals      (FIT_STDFIT) = sqrt(WSSR/ndf)    : 1.7283
variance of residuals (reduced chisquare) = WSSR/ndf   : 2.98704

Final set of parameters            Asymptotic Standard Error
=======================            ==========================
a0              = 6.46703e-09      +/- 2.074e-10    (3.207%)
a1              = -2.21761e-05     +/- 1.465e-06    (6.606%)
a2              = 0.02336          +/- 0.00296      (12.67%)
a3              = -4.75186         +/- 1.62         (34.08%)

correlation matrix of the fit parameters:
                a0     a1     a2     a3     
a0              1.000 
a1             -0.987  1.000 
a2              0.926 -0.973  1.000 
a3             -0.719  0.795 -0.897  1.000 


*******************************************************************************
Wed May 18 00:50:34 2022


FIT:    data read from 'insercion.dat'
        format = z
        #datapoints = 25
        residuals are weighted equally (unit weight)

function used for fitting: f(x)
	f(x) = a0*x*x*x+a1*x*x+a2*x+a3
fitted parameters initialized with current variable values

iter      chisq       delta/lim  lambda   a0            a1            a2            a3           
   0 6.2727764755e+01   0.00e+00  1.60e+02    6.467031e-09  -2.217614e-05   2.335995e-02  -4.751856e+00
   1 6.2727764755e+01  -1.13e-11  1.60e+02    6.467031e-09  -2.217614e-05   2.335995e-02  -4.751856e+00

After 1 iterations the fit converged.
final sum of squares of residuals : 62.7278
rel. change during last iteration : -1.13274e-16

degrees of freedom    (FIT_NDF)                        : 21
rms of residuals      (FIT_STDFIT) = sqrt(WSSR/ndf)    : 1.7283
variance of residuals (reduced chisquare) = WSSR/ndf   : 2.98704

Final set of parameters            Asymptotic Standard Error
=======================            ==========================
a0              = 6.46703e-09      +/- 2.074e-10    (3.207%)
a1              = -2.21761e-05     +/- 1.465e-06    (6.606%)
a2              = 0.02336          +/- 0.00296      (12.67%)
a3              = -4.75186         +/- 1.62         (34.08%)

correlation matrix of the fit parameters:
                a0     a1     a2     a3     
a0              1.000 
a1             -0.987  1.000 
a2              0.926 -0.973  1.000 
a3             -0.719  0.795 -0.897  1.000 


*******************************************************************************
Wed May 18 00:54:36 2022


FIT:    data read from 'cercania.dat'
        format = z
        #datapoints = 25
        residuals are weighted equally (unit weight)

function used for fitting: g(x)
	g(x) = b0*x*x+b1*x+b2
fitted parameters initialized with current variable values

iter      chisq       delta/lim  lambda   b0            b1            b2           
   0 1.3809073749e+05   0.00e+00  1.58e+02    2.292032e-05  -6.211207e-02   3.153289e+01
   5 2.8637894448e+00  -7.29e-10  1.58e-03    7.676961e-07   1.121914e-03  -5.600768e-01

After 5 iterations the fit converged.
final sum of squares of residuals : 2.86379
rel. change during last iteration : -7.28831e-15

degrees of freedom    (FIT_NDF)                        : 22
rms of residuals      (FIT_STDFIT) = sqrt(WSSR/ndf)    : 0.360794
variance of residuals (reduced chisquare) = WSSR/ndf   : 0.130172

Final set of parameters            Asymptotic Standard Error
=======================            ==========================
b0              = 7.67696e-07      +/- 4.857e-08    (6.327%)
b1              = 0.00112191       +/- 0.000233     (20.77%)
b2              = -0.560077        +/- 0.2351       (41.98%)

correlation matrix of the fit parameters:
                b0     b1     b2     
b0              1.000 
b1             -0.971  1.000 
b2              0.775 -0.885  1.000 


*******************************************************************************
Wed May 18 00:55:27 2022


FIT:    data read from 'perturbaciones.dat'
        format = z
        #datapoints = 25
        residuals are weighted equally (unit weight)

function used for fitting: g(x)
	g(x) = b0*x*x+b1*x+b2
fitted parameters initialized with current variable values

iter      chisq       delta/lim  lambda   c0            c1            c2           
   0 5.8709563224e+06   0.00e+00  0.00e+00    1.000000e+00   1.000000e+00   1.000000e+00
BREAK: Singular matrix in Givens()

*******************************************************************************
Wed May 18 00:55:45 2022


FIT:    data read from 'cercania.dat'
        format = z
        #datapoints = 25
        residuals are weighted equally (unit weight)

function used for fitting: g(x)
	g(x) = b0*x*x+b1*x+b2
fitted parameters initialized with current variable values

iter      chisq       delta/lim  lambda   b0            b1            b2           
   0 2.8637894448e+00   0.00e+00  4.53e+00    7.676961e-07   1.121914e-03  -5.600768e-01
   1 2.8637894448e+00   0.00e+00  4.53e+01    7.676961e-07   1.121914e-03  -5.600768e-01

After 1 iterations the fit converged.
final sum of squares of residuals : 2.86379
rel. change during last iteration : 0

degrees of freedom    (FIT_NDF)                        : 22
rms of residuals      (FIT_STDFIT) = sqrt(WSSR/ndf)    : 0.360794
variance of residuals (reduced chisquare) = WSSR/ndf   : 0.130172

Final set of parameters            Asymptotic Standard Error
=======================            ==========================
b0              = 7.67696e-07      +/- 4.857e-08    (6.327%)
b1              = 0.00112191       +/- 0.000233     (20.77%)
b2              = -0.560077        +/- 0.2351       (41.98%)

correlation matrix of the fit parameters:
                b0     b1     b2     
b0              1.000 
b1             -0.971  1.000 
b2              0.775 -0.885  1.000 


*******************************************************************************
Wed May 18 00:56:10 2022


FIT:    data read from 'perturbaciones.dat'
        format = z
        #datapoints = 25
        residuals are weighted equally (unit weight)

function used for fitting: h(x)
	h(X) = c0*x*x+c1*x+c2
fitted parameters initialized with current variable values



*******************************************************************************
Wed May 18 00:56:39 2022


FIT:    data read from 'perturbaciones.dat'
        format = z
        #datapoints = 25
        residuals are weighted equally (unit weight)

function used for fitting: h(x)
	h(x) = c0*x*x+c1*x+c2
fitted parameters initialized with current variable values

iter      chisq       delta/lim  lambda   c0            c1            c2           
   0 2.2243908470e+15   0.00e+00  5.44e+06    1.000000e+00   1.000000e+00   1.001000e+00
  10 2.3428539324e+02  -8.50e-05  5.44e-04    5.396025e-05  -6.596422e-03   3.242685e+00

After 10 iterations the fit converged.
final sum of squares of residuals : 234.285
rel. change during last iteration : -8.49799e-10

degrees of freedom    (FIT_NDF)                        : 22
rms of residuals      (FIT_STDFIT) = sqrt(WSSR/ndf)    : 3.26333
variance of residuals (reduced chisquare) = WSSR/ndf   : 10.6493

Final set of parameters            Asymptotic Standard Error
=======================            ==========================
c0              = 5.39602e-05      +/- 4.393e-07    (0.8141%)
c1              = -0.00659642      +/- 0.002107     (31.95%)
c2              = 3.24268          +/- 2.127        (65.59%)

correlation matrix of the fit parameters:
                c0     c1     c2     
c0              1.000 
c1             -0.971  1.000 
c2              0.775 -0.885  1.000 


*******************************************************************************
Wed May 18 01:10:09 2022


FIT:    data read from 'insercion.dat'
        format = z
        #datapoints = 25
        residuals are weighted equally (unit weight)

function used for fitting: f(x)
	f(x) = a0*x*x*x + a1*x*x + a2*x + a3
fitted parameters initialized with current variable values

iter      chisq       delta/lim  lambda   a0            a1            a2            a3           
   0 3.3098369710e+22   0.00e+00  1.82e+10    1.000000e+00   1.000000e+00   1.000000e+00   1.000000e+00
  14 6.2727764755e+01  -2.22e-06  1.82e-04    6.467031e-09  -2.217614e-05   2.335995e-02  -4.751856e+00

After 14 iterations the fit converged.
final sum of squares of residuals : 62.7278
rel. change during last iteration : -2.21754e-11

degrees of freedom    (FIT_NDF)                        : 21
rms of residuals      (FIT_STDFIT) = sqrt(WSSR/ndf)    : 1.7283
variance of residuals (reduced chisquare) = WSSR/ndf   : 2.98704

Final set of parameters            Asymptotic Standard Error
=======================            ==========================
a0              = 6.46703e-09      +/- 2.074e-10    (3.207%)
a1              = -2.21761e-05     +/- 1.465e-06    (6.606%)
a2              = 0.02336          +/- 0.00296      (12.67%)
a3              = -4.75186         +/- 1.62         (34.08%)

correlation matrix of the fit parameters:
                a0     a1     a2     a3     
a0              1.000 
a1             -0.987  1.000 
a2              0.926 -0.973  1.000 
a3             -0.719  0.795 -0.897  1.000 


*******************************************************************************
Wed May 18 01:10:42 2022


FIT:    data read from 'cercania.dat'
        format = z
        #datapoints = 25
        residuals are weighted equally (unit weight)

function used for fitting: g(x)
	g(x) = b0*x*x + b1*x + b2
fitted parameters initialized with current variable values

iter      chisq       delta/lim  lambda   b0            b1            b2           
   0 2.2246193976e+15   0.00e+00  5.44e+06    1.000000e+00   1.000000e+00   1.000000e+00
  10 2.8637894448e+00  -3.39e-03  5.44e-04    7.676961e-07   1.121914e-03  -5.600768e-01

After 10 iterations the fit converged.
final sum of squares of residuals : 2.86379
rel. change during last iteration : -3.38713e-08

degrees of freedom    (FIT_NDF)                        : 22
rms of residuals      (FIT_STDFIT) = sqrt(WSSR/ndf)    : 0.360794
variance of residuals (reduced chisquare) = WSSR/ndf   : 0.130172

Final set of parameters            Asymptotic Standard Error
=======================            ==========================
b0              = 7.67696e-07      +/- 4.857e-08    (6.327%)
b1              = 0.00112191       +/- 0.000233     (20.77%)
b2              = -0.560077        +/- 0.2351       (41.98%)

correlation matrix of the fit parameters:
                b0     b1     b2     
b0              1.000 
b1             -0.971  1.000 
b2              0.775 -0.885  1.000 


*******************************************************************************
Wed May 18 01:11:28 2022


FIT:    data read from 'perturbaciones.dat'
        format = z
        #datapoints = 25
        residuals are weighted equally (unit weight)

function used for fitting: h(x)
	h(x) = c0*x*x + c1*x + c2
fitted parameters initialized with current variable values

iter      chisq       delta/lim  lambda   c0            c1            c2           
   0 2.2243908466e+15   0.00e+00  5.44e+06    1.000000e+00   1.000000e+00   1.000000e+00
  10 2.3428539324e+02  -8.57e-05  5.44e-04    5.396025e-05  -6.596422e-03   3.242685e+00

After 10 iterations the fit converged.
final sum of squares of residuals : 234.285
rel. change during last iteration : -8.57246e-10

degrees of freedom    (FIT_NDF)                        : 22
rms of residuals      (FIT_STDFIT) = sqrt(WSSR/ndf)    : 3.26333
variance of residuals (reduced chisquare) = WSSR/ndf   : 10.6493

Final set of parameters            Asymptotic Standard Error
=======================            ==========================
c0              = 5.39602e-05      +/- 4.393e-07    (0.8141%)
c1              = -0.00659642      +/- 0.002107     (31.95%)
c2              = 3.24268          +/- 2.127        (65.59%)

correlation matrix of the fit parameters:
                c0     c1     c2     
c0              1.000 
c1             -0.971  1.000 
c2              0.775 -0.885  1.000 


*******************************************************************************
Wed May 18 01:17:26 2022


FIT:    data read from 'insercion.dat'
        format = z
        #datapoints = 25
        residuals are weighted equally (unit weight)

function used for fitting: f(x)
	f(x) = a0*x*x*x + a1*x*x + a2*x + a3
fitted parameters initialized with current variable values

iter      chisq       delta/lim  lambda   a0            a1            a2            a3           
   0 3.3098369710e+22   0.00e+00  1.82e+10    1.000000e+00   1.000000e+00   1.000000e+00   1.000000e+00
  14 6.2727764755e+01  -2.22e-06  1.82e-04    6.467031e-09  -2.217614e-05   2.335995e-02  -4.751856e+00

After 14 iterations the fit converged.
final sum of squares of residuals : 62.7278
rel. change during last iteration : -2.21754e-11

degrees of freedom    (FIT_NDF)                        : 21
rms of residuals      (FIT_STDFIT) = sqrt(WSSR/ndf)    : 1.7283
variance of residuals (reduced chisquare) = WSSR/ndf   : 2.98704

Final set of parameters            Asymptotic Standard Error
=======================            ==========================
a0              = 6.46703e-09      +/- 2.074e-10    (3.207%)
a1              = -2.21761e-05     +/- 1.465e-06    (6.606%)
a2              = 0.02336          +/- 0.00296      (12.67%)
a3              = -4.75186         +/- 1.62         (34.08%)

correlation matrix of the fit parameters:
                a0     a1     a2     a3     
a0              1.000 
a1             -0.987  1.000 
a2              0.926 -0.973  1.000 
a3             -0.719  0.795 -0.897  1.000 
